10:09:12,365 |-INFO in ch.qos.logback.classic.LoggerContext[default] - Could NOT find resource [logback.groovy]
10:09:12,365 |-INFO in ch.qos.logback.classic.LoggerContext[default] - Could NOT find resource [logback-test.xml]
10:09:12,365 |-INFO in ch.qos.logback.classic.LoggerContext[default] - Found resource [logback.xml] at [jar:file:/home/vagrant/cloudunit/monitoring_scripts/cloudunitmonitor.jar!/logback.xml]
10:09:12,394 |-INFO in ch.qos.logback.core.joran.spi.ConfigurationWatchList@21b585b1 - URL [jar:file:/home/vagrant/cloudunit/monitoring_scripts/cloudunitmonitor.jar!/logback.xml] is not of type file
10:09:12,518 |-INFO in ch.qos.logback.classic.joran.action.ConfigurationAction - debug attribute not set
10:09:12,521 |-INFO in ch.qos.logback.core.joran.action.AppenderAction - About to instantiate appender of type [ch.qos.logback.core.ConsoleAppender]
10:09:12,532 |-INFO in ch.qos.logback.core.joran.action.AppenderAction - Naming appender as [console]
10:09:12,614 |-WARN in ch.qos.logback.core.ConsoleAppender[console] - This appender no longer admits a layout as a sub-component, set an encoder instead.
10:09:12,614 |-WARN in ch.qos.logback.core.ConsoleAppender[console] - To ensure compatibility, wrapping your layout in LayoutWrappingEncoder.
10:09:12,614 |-WARN in ch.qos.logback.core.ConsoleAppender[console] - See also http://logback.qos.ch/codes.html#layoutInsteadOfEncoder for details
10:09:12,615 |-INFO in ch.qos.logback.classic.joran.action.LoggerAction - Setting level of logger [fr.treeptik] to INFO
10:09:12,615 |-INFO in ch.qos.logback.core.joran.action.AppenderAction - About to instantiate appender of type [ch.qos.logback.core.rolling.RollingFileAppender]
10:09:12,620 |-INFO in ch.qos.logback.core.joran.action.AppenderAction - Naming appender as [errors-log]
10:09:12,646 |-INFO in c.q.l.core.rolling.TimeBasedRollingPolicy - No compression will be used
10:09:12,649 |-INFO in c.q.l.core.rolling.TimeBasedRollingPolicy - Will use the pattern /Users/nicolas/logFile.%d{yyyy-MM-dd}.log for the active file
10:09:12,654 |-INFO in c.q.l.core.rolling.DefaultTimeBasedFileNamingAndTriggeringPolicy - The date pattern is 'yyyy-MM-dd' from file name pattern '/Users/nicolas/logFile.%d{yyyy-MM-dd}.log'.
10:09:12,654 |-INFO in c.q.l.core.rolling.DefaultTimeBasedFileNamingAndTriggeringPolicy - Roll-over at midnight.
10:09:12,660 |-INFO in c.q.l.core.rolling.DefaultTimeBasedFileNamingAndTriggeringPolicy - Setting initial period to Wed Sep 23 20:29:47 CEST 2015
10:09:12,662 |-WARN in ch.qos.logback.core.rolling.RollingFileAppender[errors-log] - This appender no longer admits a layout as a sub-component, set an encoder instead.
10:09:12,662 |-WARN in ch.qos.logback.core.rolling.RollingFileAppender[errors-log] - To ensure compatibility, wrapping your layout in LayoutWrappingEncoder.
10:09:12,662 |-WARN in ch.qos.logback.core.rolling.RollingFileAppender[errors-log] - See also http://logback.qos.ch/codes.html#layoutInsteadOfEncoder for details
10:09:12,664 |-INFO in ch.qos.logback.core.rolling.RollingFileAppender[errors-log] - Active log file name: ~/cloudunit-errors.log
10:09:12,664 |-INFO in ch.qos.logback.core.rolling.RollingFileAppender[errors-log] - File property is set to [~/cloudunit-errors.log]
10:09:12,666 |-INFO in ch.qos.logback.classic.joran.action.RootLoggerAction - Setting level of ROOT logger to INFO
10:09:12,666 |-INFO in ch.qos.logback.core.joran.action.AppenderRefAction - Attaching appender named [console] to Logger[ROOT]
10:09:12,667 |-INFO in ch.qos.logback.core.joran.action.AppenderRefAction - Attaching appender named [errors-log] to Logger[ROOT]
10:09:12,667 |-INFO in ch.qos.logback.classic.joran.action.ConfigurationAction - End of configuration.
10:09:12,668 |-INFO in ch.qos.logback.classic.joran.JoranConfigurator@145c38c1 - Registering current configuration as safe fallback point

10:09:12.675 [main] INFO  f.t.c.conf.ApplicationEntryPoint - First argument (ip mysql) : 172.17.0.5
10:09:12.684 [main] INFO  f.t.c.conf.ApplicationEntryPoint - Second argument (ip redis) : 172.17.0.9
10:09:12.978 [main] INFO  o.s.c.a.AnnotationConfigApplicationContext - Refreshing org.springframework.context.annotation.AnnotationConfigApplicationContext@261b66ea: startup date [Thu Sep 24 10:09:12 CEST 2015]; root of context hierarchy
10:09:13.858 [main] INFO  o.s.b.f.a.AutowiredAnnotationBeanPostProcessor - JSR-330 'javax.inject.Inject' annotation found and supported for autowiring
10:09:13.919 [main] INFO  o.s.c.s.PostProcessorRegistrationDelegate$BeanPostProcessorChecker - Bean 'org.springframework.scheduling.annotation.SchedulingConfiguration' of type [class org.springframework.scheduling.annotation.SchedulingConfiguration$$EnhancerByCGLIB$$3c9f98c6] is not eligible for getting processed by all BeanPostProcessors (for example: not eligible for auto-proxying)
10:09:14.524 [main] INFO  c.z.h.javassist.HikariClassScanner - Cannot find the HikariCP-agent jar file through introspection.
10:09:14.524 [main] INFO  com.zaxxer.hikari.HikariPool - Using Javassist delegate-based proxies.
10:09:16.398 [main] INFO  o.s.o.j.LocalContainerEntityManagerFactoryBean - Building JPA container EntityManagerFactory for persistence unit 'persistenceUnit'
10:09:27.138 [main] INFO  f.t.c.service.HealthMonitor - Errors found : 0
10:09:27.139 [main] INFO  f.t.c.service.HealthMonitor - Errors resolved : 0
10:09:27.263 [main] INFO  f.t.c.service.HealthMonitor - 0 servers found
10:09:27.263 [main] INFO  f.t.c.service.HealthMonitor - 0 modules found
10:09:27.264 [main] INFO  f.t.c.service.HealthMonitor - {}
10:09:28.264 [main] INFO  f.t.c.service.HealthMonitor - Errors found : 0
10:09:28.265 [main] INFO  f.t.c.service.HealthMonitor - Errors resolved : 0
10:09:28.274 [main] INFO  f.t.c.service.HealthMonitor - 0 servers found
10:09:28.275 [main] INFO  f.t.c.service.HealthMonitor - 0 modules found
10:09:28.275 [main] INFO  f.t.c.service.HealthMonitor - {}
10:09:29.276 [main] INFO  f.t.c.service.HealthMonitor - Errors found : 0
10:09:29.277 [main] INFO  f.t.c.service.HealthMonitor - Errors resolved : 0
10:09:29.283 [main] INFO  f.t.c.service.HealthMonitor - 0 servers found
10:09:29.284 [main] INFO  f.t.c.service.HealthMonitor - 0 modules found
10:09:29.284 [main] INFO  f.t.c.service.HealthMonitor - {}
10:09:30.285 [main] INFO  f.t.c.service.HealthMonitor - Errors found : 0
10:09:30.285 [main] INFO  f.t.c.service.HealthMonitor - Errors resolved : 0
10:09:30.295 [main] INFO  f.t.c.service.HealthMonitor - 0 servers found
10:09:30.296 [main] INFO  f.t.c.service.HealthMonitor - 0 modules found
10:09:30.297 [main] INFO  f.t.c.service.HealthMonitor - {}
10:09:31.297 [main] INFO  f.t.c.service.HealthMonitor - Errors found : 0
10:09:31.298 [main] INFO  f.t.c.service.HealthMonitor - Errors resolved : 0
10:09:31.303 [main] INFO  f.t.c.service.HealthMonitor - 0 servers found
10:09:31.304 [main] INFO  f.t.c.service.HealthMonitor - 0 modules found
10:09:31.304 [main] INFO  f.t.c.service.HealthMonitor - {}
